2025-07-03 12:00:50,632 - INFO - AlpacaTradingInterface initialized in paper mode.
2025-07-03 12:03:16,818 - INFO - AlpacaTradingInterface initialized in paper mode.
2025-07-03 12:03:18,113 - INFO - Live Trading Engine initialized (PAPER trading)
2025-07-03 12:03:18,113 - INFO - Initial Capital: $100,000.00
2025-07-03 12:03:18,113 - INFO - Tickers: 502
2025-07-03 12:03:18,113 - INFO - Starting live trading...
2025-07-03 12:03:18,186 - ERROR - Error updating portfolio tracking: 'AlpacaTradingInterface' object has no attribute 'get_latest_prices'
2025-07-03 12:03:18,186 - INFO - Starting trading cycle...
2025-07-03 12:03:18,186 - INFO - Trading active: current NY time 15:03:18 is within trading window.
2025-07-03 12:03:18,186 - ERROR - Error getting market data: No module named 'alpaca'
2025-07-03 12:03:18,190 - ERROR - No market data available
2025-07-03 12:04:18,194 - INFO - Starting trading cycle...
2025-07-03 12:04:18,195 - INFO - Trading active: current NY time 15:04:18 is within trading window.
2025-07-03 12:04:18,196 - ERROR - Error getting market data: No module named 'alpaca'
2025-07-03 12:04:18,196 - ERROR - No market data available
2025-07-03 12:05:18,201 - INFO - Starting trading cycle...
2025-07-03 12:05:18,203 - INFO - Trading active: current NY time 15:05:18 is within trading window.
2025-07-03 12:05:18,203 - ERROR - Error getting market data: No module named 'alpaca'
2025-07-03 12:05:18,213 - ERROR - No market data available
2025-07-03 12:05:43,429 - INFO - AlpacaTradingInterface initialized in paper mode.
2025-07-03 12:05:44,168 - INFO - Live Trading Engine initialized (PAPER trading)
2025-07-03 12:05:44,168 - INFO - Initial Capital: $100,000.00
2025-07-03 12:05:44,168 - INFO - Tickers: 502
2025-07-03 12:05:44,168 - INFO - Starting live trading...
2025-07-03 12:05:44,241 - ERROR - Error updating portfolio tracking: 'AlpacaTradingInterface' object has no attribute 'get_latest_prices'
2025-07-03 12:05:44,242 - INFO - Starting trading cycle...
2025-07-03 12:05:44,242 - INFO - Trading active: current NY time 15:05:44 is within trading window.
2025-07-03 12:05:44,242 - ERROR - Error getting market data: 'REST' object has no attribute 'get_barset'
2025-07-03 12:05:44,242 - ERROR - No market data available
2025-07-03 12:06:18,217 - INFO - Starting trading cycle...
2025-07-03 12:06:18,218 - INFO - Trading active: current NY time 15:06:18 is within trading window.
2025-07-03 12:06:18,219 - ERROR - Error getting market data: No module named 'alpaca'
2025-07-03 12:06:18,220 - ERROR - No market data available
2025-07-03 12:07:18,225 - INFO - Starting trading cycle...
2025-07-03 12:07:18,226 - INFO - Trading active: current NY time 15:07:18 is within trading window.
2025-07-03 12:07:18,227 - ERROR - Error getting market data: No module named 'alpaca'
2025-07-03 12:07:18,249 - ERROR - No market data available
2025-07-03 12:08:05,385 - INFO - AlpacaTradingInterface initialized in paper mode.
2025-07-03 12:08:06,183 - INFO - Live Trading Engine initialized (PAPER trading)
2025-07-03 12:08:06,183 - INFO - Initial Capital: $100,000.00
2025-07-03 12:08:06,183 - INFO - Tickers: 502
2025-07-03 12:08:06,183 - INFO - Starting live trading...
2025-07-03 12:08:06,646 - ERROR - Error getting latest prices: invalid timeframe: minute
2025-07-03 12:08:06,646 - ERROR - Error updating portfolio tracking: 'AlpacaTradingInterface' object has no attribute 'get_portfolio_value'
2025-07-03 12:08:06,646 - INFO - Starting trading cycle...
2025-07-03 12:08:06,647 - INFO - Trading active: current NY time 15:08:06 is within trading window.
2025-07-03 12:08:06,726 - ERROR - Error getting market data: invalid timeframe: day
2025-07-03 12:08:06,726 - ERROR - No market data available
2025-07-03 12:08:18,254 - INFO - Starting trading cycle...
2025-07-03 12:08:18,255 - INFO - Trading active: current NY time 15:08:18 is within trading window.
2025-07-03 12:08:18,256 - ERROR - Error getting market data: No module named 'alpaca'
2025-07-03 12:08:18,257 - ERROR - No market data available
2025-07-03 12:08:59,558 - INFO - AlpacaTradingInterface initialized in paper mode.
2025-07-03 12:09:00,268 - INFO - Live Trading Engine initialized (PAPER trading)
2025-07-03 12:09:00,268 - INFO - Initial Capital: $100,000.00
2025-07-03 12:09:00,268 - INFO - Tickers: 502
2025-07-03 12:09:00,268 - INFO - Starting live trading...
2025-07-03 12:09:00,638 - ERROR - Error getting latest prices: invalid timeframe: minute
2025-07-03 12:09:00,638 - ERROR - Error updating portfolio tracking: 'AlpacaTradingInterface' object has no attribute 'get_portfolio_value'
2025-07-03 12:09:00,638 - INFO - Starting trading cycle...
2025-07-03 12:09:00,639 - INFO - Trading active: current NY time 15:09:00 is within trading window.
2025-07-03 12:09:00,716 - ERROR - Error getting market data: invalid timeframe: day
2025-07-03 12:09:00,716 - ERROR - No market data available
2025-07-03 12:09:18,258 - INFO - Starting trading cycle...
2025-07-03 12:09:18,260 - INFO - Trading active: current NY time 15:09:18 is within trading window.
2025-07-03 12:09:18,262 - ERROR - Error getting market data: No module named 'alpaca'
2025-07-03 12:09:18,264 - ERROR - No market data available
2025-07-03 12:09:23,052 - INFO - Trading stopped by user
2025-07-03 12:09:23,052 - INFO - Stopping live trading...
2025-07-03 12:09:23,053 - ERROR - Error stopping trading: 'AlpacaTradingInterface' object has no attribute 'cancel_all_orders'
2025-07-03 12:11:38,252 - INFO - AlpacaTradingInterface initialized in paper mode.
2025-07-03 12:11:39,190 - INFO - Live Trading Engine initialized (PAPER trading)
2025-07-03 12:11:39,190 - INFO - Initial Capital: $100,000.00
2025-07-03 12:11:39,190 - INFO - Tickers: 502
2025-07-03 12:11:39,190 - INFO - Starting live trading...
2025-07-03 12:11:39,646 - ERROR - Error getting latest prices: invalid timeframe: minute
2025-07-03 12:11:39,646 - ERROR - Error updating portfolio tracking: 'AlpacaTradingInterface' object has no attribute 'get_portfolio_value'
2025-07-03 12:11:39,646 - INFO - Starting trading cycle...
2025-07-03 12:11:39,648 - INFO - Trading active: current NY time 15:11:39 is within trading window.
2025-07-03 12:11:39,813 - ERROR - Error getting market data: invalid timeframe: day
2025-07-03 12:11:39,814 - ERROR - No market data available
2025-07-03 12:12:39,818 - INFO - Starting trading cycle...
2025-07-03 12:12:39,819 - INFO - Trading active: current NY time 15:12:39 is within trading window.
2025-07-03 12:12:39,904 - ERROR - Error getting market data: invalid timeframe: day
2025-07-03 12:12:39,905 - ERROR - No market data available
2025-07-03 12:12:48,010 - INFO - Trading stopped by user
2025-07-03 12:12:48,010 - INFO - Stopping live trading...
2025-07-03 12:12:48,010 - ERROR - Error stopping trading: 'AlpacaTradingInterface' object has no attribute 'cancel_all_orders'
2025-07-03 12:18:55,559 - INFO - AlpacaTradingInterface initialized in paper mode.
2025-07-03 12:18:56,295 - INFO - Live Trading Engine initialized (PAPER trading)
2025-07-03 12:18:56,295 - INFO - Initial Capital: $100,000.00
2025-07-03 12:18:56,295 - INFO - Tickers: 502
2025-07-03 12:18:56,295 - INFO - Starting live trading...
2025-07-03 12:18:56,700 - ERROR - Error getting latest prices: {"message":"Invalid format for parameter symbols: query parameter 'symbols' is required"}

2025-07-03 12:18:56,700 - ERROR - Error updating portfolio tracking: AlpacaTradingInterface.get_portfolio_value() takes 1 positional argument but 2 were given
2025-07-03 12:18:56,701 - INFO - Starting trading cycle...
2025-07-03 12:18:56,701 - INFO - Trading active: current NY time 15:18:56 is within trading window.
2025-07-03 12:18:56,701 - ERROR - Error getting market data: 'AlpacaTradingInterface' object has no attribute 'api'
2025-07-03 12:18:56,701 - ERROR - No market data available
2025-07-03 12:19:26,973 - INFO - Trading stopped by user
2025-07-03 12:19:26,973 - INFO - Stopping live trading...
2025-07-03 12:19:26,974 - ERROR - Error cancelling all orders: 'TradingClient' object has no attribute 'cancel_all_orders'
2025-07-03 12:19:27,221 - ERROR - Error getting latest prices: {"message":"Invalid format for parameter symbols: query parameter 'symbols' is required"}

2025-07-03 12:19:27,221 - ERROR - Error updating portfolio tracking: AlpacaTradingInterface.get_portfolio_value() takes 1 positional argument but 2 were given
2025-07-03 12:19:27,226 - INFO - Trading results saved
2025-07-03 12:19:27,226 - INFO - Live trading stopped
2025-07-03 12:20:22,303 - INFO - AlpacaTradingInterface initialized in paper mode.
2025-07-03 12:20:22,873 - INFO - Live Trading Engine initialized (PAPER trading)
2025-07-03 12:20:22,873 - INFO - Initial Capital: $100,000.00
2025-07-03 12:20:22,873 - INFO - Tickers: 502
2025-07-03 12:20:22,873 - INFO - Starting live trading...
2025-07-03 12:20:23,022 - INFO - Portfolio Value: $996,369.99, Daily P&L: $0.00
2025-07-03 12:20:23,022 - INFO - Starting trading cycle...
2025-07-03 12:20:23,023 - INFO - Trading active: current NY time 15:20:23 is within trading window.
2025-07-03 12:20:23,023 - ERROR - Error getting market data: 'AlpacaTradingInterface' no longer has an 'api' attribute. Use 'trading_client' or 'data_client' instead.
2025-07-03 12:20:23,023 - ERROR - No market data available
2025-07-03 12:21:23,027 - INFO - Starting trading cycle...
2025-07-03 12:21:23,028 - INFO - Trading active: current NY time 15:21:23 is within trading window.
2025-07-03 12:21:23,028 - ERROR - Error getting market data: 'AlpacaTradingInterface' no longer has an 'api' attribute. Use 'trading_client' or 'data_client' instead.
2025-07-03 12:21:23,028 - ERROR - No market data available
2025-07-03 12:21:41,916 - INFO - Trading stopped by user
2025-07-03 12:21:41,917 - INFO - Stopping live trading...
2025-07-03 12:21:41,917 - ERROR - Error cancelling all orders: 'TradingClient' object has no attribute 'cancel_all_orders'
2025-07-03 12:21:42,233 - INFO - Portfolio Value: $996,369.99, Daily P&L: $0.00
2025-07-03 12:21:42,239 - INFO - Trading results saved
2025-07-03 12:21:42,239 - INFO - Live trading stopped
2025-07-03 12:25:07,187 - INFO - AlpacaTradingInterface initialized in paper mode.
2025-07-03 12:25:08,018 - INFO - Live Trading Engine initialized (PAPER trading)
2025-07-03 12:25:08,018 - INFO - Initial Capital: $100,000.00
2025-07-03 12:25:08,018 - INFO - Tickers: 502
2025-07-03 12:25:08,018 - INFO - Starting live trading...
2025-07-03 12:25:08,179 - INFO - Portfolio Value: $996,369.99, Daily P&L: $0.00
2025-07-03 12:25:08,179 - INFO - Starting trading cycle...
2025-07-03 12:25:08,180 - INFO - Trading active: current NY time 15:25:08 is within trading window.
2025-07-03 12:25:08,564 - ERROR - Error calculating signals: 'dict' object has no attribute 'empty'
2025-07-03 12:25:08,564 - INFO - No signals generated
2025-07-03 12:26:08,564 - INFO - Starting trading cycle...
2025-07-03 12:26:08,565 - INFO - Trading active: current NY time 15:26:08 is within trading window.
2025-07-03 12:26:08,734 - ERROR - Error calculating signals: 'dict' object has no attribute 'empty'
2025-07-03 12:26:08,734 - INFO - No signals generated
2025-07-03 12:27:08,737 - INFO - Starting trading cycle...
2025-07-03 12:27:08,738 - INFO - Trading active: current NY time 15:27:08 is within trading window.
2025-07-03 12:27:08,994 - ERROR - Error calculating signals: 'dict' object has no attribute 'empty'
2025-07-03 12:27:08,994 - INFO - No signals generated
2025-07-03 12:27:15,447 - INFO - Trading stopped by user
2025-07-03 12:27:15,448 - INFO - Stopping live trading...
2025-07-03 12:27:15,448 - ERROR - Error cancelling all orders: 'TradingClient' object has no attribute 'cancel_all_orders'
2025-07-03 12:27:15,798 - INFO - Portfolio Value: $996,369.99, Daily P&L: $0.00
2025-07-03 12:27:15,806 - INFO - Trading results saved
2025-07-03 12:27:15,807 - INFO - Live trading stopped
2025-07-03 12:32:08,024 - INFO - AlpacaTradingInterface initialized in paper mode.
2025-07-03 12:32:08,784 - INFO - Live Trading Engine initialized (PAPER trading)
2025-07-03 12:32:08,784 - INFO - Initial Capital: $100,000.00
2025-07-03 12:32:08,784 - INFO - Tickers: 502
2025-07-03 12:32:08,784 - INFO - Starting live trading...
2025-07-03 12:32:08,938 - INFO - Portfolio Value: $996,369.99, Daily P&L: $0.00
2025-07-03 12:32:08,938 - INFO - Starting trading cycle...
2025-07-03 12:32:08,938 - INFO - Trading active: current NY time 15:32:08 is within trading window.
2025-07-03 12:32:09,455 - ERROR - Error applying risk management: 'AlpacaTradingInterface' object has no attribute 'get_account_info'
2025-07-03 12:32:09,456 - INFO - Signal distribution: 0 BUY, 0 SELL, 0 HOLD/FLAT out of 0 total signals
2025-07-03 12:32:09,530 - INFO - Generated signals for 0 tickers
2025-07-03 12:32:09,531 - INFO - No signals generated
2025-07-03 12:32:22,211 - INFO - Trading stopped by user
2025-07-03 12:32:22,211 - INFO - Stopping live trading...
2025-07-03 12:32:22,285 - INFO - All open orders cancelled.
2025-07-03 12:32:22,436 - INFO - Portfolio Value: $996,369.99, Daily P&L: $0.00
2025-07-03 12:32:22,440 - INFO - Trading results saved
2025-07-03 12:32:22,440 - INFO - Live trading stopped
